2019-10-14 18:09:34,353 INFO com.cg.moviesforyou.MovieBookSpringBoot.MovieBookSpringBootApplication [main] Starting MovieBookSpringBootApplication on DESKTOP-VS2NA3D with PID 1304 (C:\movies-for-you-divya5\movies-for-you-divya5\MovieBookSpringBoot-TRUNK\target\classes started by Admin in C:\movies-for-you-divya5\movies-for-you-divya5\MovieBookSpringBoot-TRUNK)
2019-10-14 18:09:34,353 DEBUG com.cg.moviesforyou.MovieBookSpringBoot.MovieBookSpringBootApplication [main] Running with Spring Boot v2.1.9.RELEASE, Spring v5.1.10.RELEASE
2019-10-14 18:09:34,353 INFO com.cg.moviesforyou.MovieBookSpringBoot.MovieBookSpringBootApplication [main] The following profiles are active: production
2019-10-14 18:09:37,712 INFO com.cg.moviesforyou.MovieBookSpringBoot.MovieBookSpringBootApplication [main] Started MovieBookSpringBootApplication in 3.656 seconds (JVM running for 4.121)
2019-10-14 18:09:49,252 INFO com.cg.moviesforyou.MovieBookSpringBoot.controller.MainController [http-nio-9099-exec-2] Back at Homepage...
2019-10-14 18:09:51,718 INFO com.cg.moviesforyou.MovieBookSpringBoot.controller.MainController [http-nio-9099-exec-3] In login Page...
2019-10-14 18:10:00,513 INFO com.cg.moviesforyou.MovieBookSpringBoot.controller.MainController [http-nio-9099-exec-5] validating customer login...
2019-10-14 18:10:00,575 INFO com.cg.moviesforyou.MovieBookSpringBoot.controller.MainController [http-nio-9099-exec-5] admin logged in...
2019-10-14 18:10:02,847 INFO com.cg.moviesforyou.MovieBookSpringBoot.controller.MainController [http-nio-9099-exec-6] passing city list to add theatre....
2019-10-14 18:10:06,486 INFO com.cg.moviesforyou.MovieBookSpringBoot.controller.MainController [http-nio-9099-exec-7] sendings genres to enter movie...
2019-10-14 18:18:03,887 INFO com.cg.moviesforyou.MovieBookSpringBoot.MovieBookSpringBootApplication [main] Starting MovieBookSpringBootApplication on DESKTOP-VS2NA3D with PID 6688 (C:\movies-for-you-divya5\movies-for-you-divya5\MovieBookSpringBoot-TRUNK\target\classes started by Admin in C:\movies-for-you-divya5\movies-for-you-divya5\MovieBookSpringBoot-TRUNK)
2019-10-14 18:18:03,887 DEBUG com.cg.moviesforyou.MovieBookSpringBoot.MovieBookSpringBootApplication [main] Running with Spring Boot v2.1.9.RELEASE, Spring v5.1.10.RELEASE
2019-10-14 18:18:03,887 INFO com.cg.moviesforyou.MovieBookSpringBoot.MovieBookSpringBootApplication [main] The following profiles are active: production
2019-10-14 18:18:07,434 INFO com.cg.moviesforyou.MovieBookSpringBoot.MovieBookSpringBootApplication [main] Started MovieBookSpringBootApplication in 3.922 seconds (JVM running for 4.395)
2019-10-14 18:18:30,729 INFO com.cg.moviesforyou.MovieBookSpringBoot.controller.MainController [http-nio-9099-exec-2] Back at Homepage...
2019-10-14 18:18:35,631 INFO com.cg.moviesforyou.MovieBookSpringBoot.controller.MainController [http-nio-9099-exec-4] In login Page...
2019-10-14 18:18:39,776 INFO com.cg.moviesforyou.MovieBookSpringBoot.controller.MainController [http-nio-9099-exec-5] validating customer login...
2019-10-14 18:18:39,841 INFO com.cg.moviesforyou.MovieBookSpringBoot.controller.MainController [http-nio-9099-exec-5] admin logged in...
2019-10-14 18:18:41,278 INFO com.cg.moviesforyou.MovieBookSpringBoot.controller.MainController [http-nio-9099-exec-7] passing city list to add theatre....
2019-10-14 18:19:21,923 INFO com.cg.moviesforyou.MovieBookSpringBoot.controller.MainController [http-nio-9099-exec-10] Checking theatre details entered.....
2019-10-14 18:19:21,988 INFO com.cg.moviesforyou.MovieBookSpringBoot.controller.MainController [http-nio-9099-exec-10] Theatre details entered correctly...
2019-10-14 18:20:30,201 INFO com.cg.moviesforyou.MovieBookSpringBoot.controller.MainController [http-nio-9099-exec-3] Checking theatre details entered.....
2019-10-14 18:20:30,208 INFO com.cg.moviesforyou.MovieBookSpringBoot.controller.MainController [http-nio-9099-exec-3] Theatre details entered correctly...
